# JRE version: Java(TM) SE Runtime Environment (17.0.11+7) (build 17.0.11+7-LTS-207)
# Java VM: Java HotSpot(TM) 64-Bit Server VM (17.0.11+7-LTS-207, mixed mode, sharing, tiered, compressed oops, compressed class ptrs, g1 gc, windows-amd64)
GC Precious Log:
 CPUs: 24 total, 24 available
 Memory: 32581M
 Large Page Support: Disabled
 NUMA Support: Disabled
 Compressed Oops: Enabled (Zero based)
 Heap Region Size: 4M
 Heap Min Capacity: 8M
 Heap Initial Capacity: 512M
 Heap Max Capacity: 8148M
 Pre-touch: Disabled
 Parallel Workers: 18
 Concurrent Workers: 5
 Concurrent Refinement Workers: 18
 Periodic GC: Disabled
Heap:
 garbage-first heap   total 524288K, used 120848K [0x0000000602c00000, 0x0000000800000000)
  region size 4096K, 31 young (126976K), 1 survivors (4096K)
 Metaspace       used 4130K, committed 4352K, reserved 1114112K
  class space    used 394K, committed 512K, reserved 1048576K
GC Heap History (20 events):
Event: 509.227 GC heap before
{Heap before GC invocations=30 (full 0):
 garbage-first heap   total 524288K, used 309264K [0x0000000602c00000, 0x0000000800000000)
  region size 4096K, 76 young (311296K), 1 survivors (4096K)
 Metaspace       used 4129K, committed 4352K, reserved 1114112K
  class space    used 394K, committed 512K, reserved 1048576K
}
Event: 509.244 GC heap after
{Heap after GC invocations=31 (full 0):
 garbage-first heap   total 524288K, used 2064K [0x0000000602c00000, 0x0000000800000000)
  region size 4096K, 1 young (4096K), 1 survivors (4096K)
 Metaspace       used 4129K, committed 4352K, reserved 1114112K
  class space    used 394K, committed 512K, reserved 1048576K
}
Event: 523.124 GC heap before
{Heap before GC invocations=31 (full 0):
 garbage-first heap   total 524288K, used 309264K [0x0000000602c00000, 0x0000000800000000)
  region size 4096K, 76 young (311296K), 1 survivors (4096K)
 Metaspace       used 4129K, committed 4352K, reserved 1114112K
  class space    used 394K, committed 512K, reserved 1048576K
}
Event: 523.125 GC heap after
{Heap after GC invocations=32 (full 0):
 garbage-first heap   total 524288K, used 2066K [0x0000000602c00000, 0x0000000800000000)
  region size 4096K, 1 young (4096K), 1 survivors (4096K)
 Metaspace       used 4129K, committed 4352K, reserved 1114112K
  class space    used 394K, committed 512K, reserved 1048576K
}
Event: 539.153 GC heap before
{Heap before GC invocations=32 (full 0):
 garbage-first heap   total 524288K, used 309266K [0x0000000602c00000, 0x0000000800000000)
  region size 4096K, 76 young (311296K), 1 survivors (4096K)
 Metaspace       used 4129K, committed 4352K, reserved 1114112K
  class space    used 394K, committed 512K, reserved 1048576K
}
Event: 539.153 GC heap after
{Heap after GC invocations=33 (full 0):
 garbage-first heap   total 524288K, used 2057K [0x0000000602c00000, 0x0000000800000000)
  region size 4096K, 1 young (4096K), 1 survivors (4096K)
 Metaspace       used 4129K, committed 4352K, reserved 1114112K
  class space    used 394K, committed 512K, reserved 1048576K
}
Event: 560.469 GC heap before
{Heap before GC invocations=33 (full 0):
 garbage-first heap   total 524288K, used 309257K [0x0000000602c00000, 0x0000000800000000)
  region size 4096K, 76 young (311296K), 1 survivors (4096K)
 Metaspace       used 4129K, committed 4352K, reserved 1114112K
  class space    used 394K, committed 512K, reserved 1048576K
}
Event: 560.469 GC heap after
{Heap after GC invocations=34 (full 0):
 garbage-first heap   total 524288K, used 2061K [0x0000000602c00000, 0x0000000800000000)
  region size 4096K, 1 young (4096K), 1 survivors (4096K)
 Metaspace       used 4129K, committed 4352K, reserved 1114112K
  class space    used 394K, committed 512K, reserved 1048576K
}
Event: 568.514 GC heap before
{Heap before GC invocations=34 (full 0):
 garbage-first heap   total 524288K, used 309261K [0x0000000602c00000, 0x0000000800000000)
  region size 4096K, 76 young (311296K), 1 survivors (4096K)
 Metaspace       used 4129K, committed 4352K, reserved 1114112K
  class space    used 394K, committed 512K, reserved 1048576K
}
Event: 568.515 GC heap after
{Heap after GC invocations=35 (full 0):
 garbage-first heap   total 524288K, used 2059K [0x0000000602c00000, 0x0000000800000000)
  region size 4096K, 1 young (4096K), 1 survivors (4096K)
 Metaspace       used 4129K, committed 4352K, reserved 1114112K
  class space    used 394K, committed 512K, reserved 1048576K
}
Event: 582.852 GC heap before
{Heap before GC invocations=35 (full 0):
 garbage-first heap   total 524288K, used 309259K [0x0000000602c00000, 0x0000000800000000)
  region size 4096K, 76 young (311296K), 1 survivors (4096K)
 Metaspace       used 4129K, committed 4352K, reserved 1114112K
  class space    used 394K, committed 512K, reserved 1048576K
}
Event: 582.852 GC heap after
{Heap after GC invocations=36 (full 0):
 garbage-first heap   total 524288K, used 2059K [0x0000000602c00000, 0x0000000800000000)
  region size 4096K, 1 young (4096K), 1 survivors (4096K)
 Metaspace       used 4129K, committed 4352K, reserved 1114112K
  class space    used 394K, committed 512K, reserved 1048576K
}
Event: 599.047 GC heap before
{Heap before GC invocations=36 (full 0):
 garbage-first heap   total 524288K, used 309259K [0x0000000602c00000, 0x0000000800000000)
  region size 4096K, 76 young (311296K), 1 survivors (4096K)
 Metaspace       used 4129K, committed 4352K, reserved 1114112K
  class space    used 394K, committed 512K, reserved 1048576K
}
Event: 599.047 GC heap after
{Heap after GC invocations=37 (full 0):
 garbage-first heap   total 524288K, used 2064K [0x0000000602c00000, 0x0000000800000000)
  region size 4096K, 1 young (4096K), 1 survivors (4096K)
 Metaspace       used 4129K, committed 4352K, reserved 1114112K
  class space    used 394K, committed 512K, reserved 1048576K
}
Event: 613.354 GC heap before
{Heap before GC invocations=37 (full 0):
 garbage-first heap   total 524288K, used 309264K [0x0000000602c00000, 0x0000000800000000)
  region size 4096K, 76 young (311296K), 1 survivors (4096K)
 Metaspace       used 4129K, committed 4352K, reserved 1114112K
  class space    used 394K, committed 512K, reserved 1048576K
}
Event: 613.355 GC heap after
{Heap after GC invocations=38 (full 0):
 garbage-first heap   total 524288K, used 2064K [0x0000000602c00000, 0x0000000800000000)
  region size 4096K, 1 young (4096K), 1 survivors (4096K)
 Metaspace       used 4129K, committed 4352K, reserved 1114112K
  class space    used 394K, committed 512K, reserved 1048576K
}
Event: 634.328 GC heap before
{Heap before GC invocations=38 (full 0):
 garbage-first heap   total 524288K, used 309264K [0x0000000602c00000, 0x0000000800000000)
  region size 4096K, 76 young (311296K), 1 survivors (4096K)
 Metaspace       used 4130K, committed 4352K, reserved 1114112K
  class space    used 394K, committed 512K, reserved 1048576K
}
Event: 634.329 GC heap after
{Heap after GC invocations=39 (full 0):
 garbage-first heap   total 524288K, used 2064K [0x0000000602c00000, 0x0000000800000000)
  region size 4096K, 1 young (4096K), 1 survivors (4096K)
 Metaspace       used 4130K, committed 4352K, reserved 1114112K
  class space    used 394K, committed 512K, reserved 1048576K
}
Event: 644.549 GC heap before
{Heap before GC invocations=39 (full 0):
 garbage-first heap   total 524288K, used 309264K [0x0000000602c00000, 0x0000000800000000)
  region size 4096K, 76 young (311296K), 1 survivors (4096K)
 Metaspace       used 4130K, committed 4352K, reserved 1114112K
  class space    used 394K, committed 512K, reserved 1048576K
}
Event: 644.549 GC heap after
{Heap after GC invocations=40 (full 0):
 garbage-first heap   total 524288K, used 2064K [0x0000000602c00000, 0x0000000800000000)
  region size 4096K, 1 young (4096K), 1 survivors (4096K)
 Metaspace       used 4130K, committed 4352K, reserved 1114112K
  class space    used 394K, committed 512K, reserved 1048576K
}

